Archive Project report for Project
Wed Feb 22 08:30:12 2017
Quartus II 64-Bit Version 14.0.0 Build 200 06/17/2014 SJ Web Edition


---------------------
; Table of Contents ;
---------------------
  1. Legal Notice
  2. Archive Project Summary
  3. Archive Project Messages
  4. Files Archived



----------------
; Legal Notice ;
----------------
Copyright (C) 1991-2014 Altera Corporation. All rights reserved.
Your use of Altera Corporation's design tools, logic functions 
and other software and tools, and its AMPP partner logic 
functions, and any output files from any of the foregoing 
(including device programming or simulation files), and any 
associated documentation or information are expressly subject 
to the terms and conditions of the Altera Program License 
Subscription Agreement, the Altera Quartus II License Agreement,
the Altera MegaCore Function License Agreement, or other 
applicable license agreement, including, without limitation, 
that your use is for the sole purpose of programming logic 
devices manufactured by Altera and sold by Altera or its 
authorized distributors.  Please refer to the applicable 
agreement for further details.



+----------------------------------------------------------------+
; Archive Project Summary                                        ;
+------------------------+---------------------------------------+
; Archive Project Status ; Successful - Wed Feb 22 08:30:12 2017 ;
; Revision Name          ; Project                               ;
; Top-level Entity Name  ; Project                               ;
; Family                 ; Cyclone V                             ;
+------------------------+---------------------------------------+


+--------------------------+
; Archive Project Messages ;
+--------------------------+
Info: File Set 'Source control' contains:
    Info: Project source and settings files
    Info: Automatically detected source files
Critical Warning: Analysis & Elaboration was not run successfully
    Critical Warning: The 'Automatically detected source files' file subset will attempt to guess which files are needed. The archive file will likely be larger than required and may still be incomplete.
Warning (225010): Analysis was not performed on the current project. The Quartus II software may not be able to automatically locate all project files.
Info: Parsing: Project.v
Info: Discovered: ./inclass-feg10.mif
Info: Archive will store files relative to the closest common parent directory
Info (13213): Using common directory C:/Users/corai/Downloads/Assignment2_frame_2017-3_restored/
Info: ----------------------------------------------------------
Info: ----------------------------------------------------------
Info: Generated archive 'C:/Users/corai/Downloads/Assignment2_frame_2017-3_restored/Assignment_frame_2017-4.qar'
Info: ----------------------------------------------------------
Info: ----------------------------------------------------------
Info: Generated report 'Project.archive.rpt'
Error (23031): Evaluation of Tcl script c:/altera/14.0/quartus/common/tcl/apps/qpm/qar.tcl unsuccessful
Error: Quartus II 64-Bit Shell was unsuccessful. 5 errors, 4 warnings
    Error: Peak virtual memory: 423 megabytes
    Error: Processing ended: Wed Feb 22 08:30:12 2017
    Error: Elapsed time: 00:00:05
    Error: Total CPU time (on all processors): 00:00:04


+--------------------------------+
; Files Archived                 ;
+--------------------------------+
; File Name                      ;
+--------------------------------+
; __Project.auto.qarlog          ;
; assignment_defaults.qdf        ;
; Assignment_frame_2017-4.qarlog ;
; Debug.qsf                      ;
; Debug_assignment_defaults.qdf  ;
; inclass-feg10.asm              ;
; inclass-feg10.mif              ;
; Pll.cmp                        ;
; Pll.qip                        ;
; Pll.sip                        ;
; Pll.spd                        ;
; Pll.v                          ;
; Pll/Pll_0002.qip               ;
; Pll/Pll_0002.v                 ;
; Pll_sim/Pll.vo                 ;
; Project.archive.rpt            ;
; Project.flow.rpt               ;
; Project.map.rpt                ;
; Project.map.smsg               ;
; Project.map.summary            ;
; Project.qpf                    ;
; Project.qsf                    ;
; Project.restore.rpt            ;
; Project.sdc                    ;
; Project.v                      ;
; SevenSeg.v                     ;
; Test.mif                       ;
+--------------------------------+


