Flow report for assignment1_frame
Sun Mar 05 20:03:27 2017
Quartus II 64-Bit Version 14.0.0 Build 200 06/17/2014 SJ Web Edition


---------------------
; Table of Contents ;
---------------------
  1. Legal Notice
  2. Flow Summary
  3. Flow Settings
  4. Flow Non-Default Global Settings
  5. Flow Elapsed Time
  6. Flow OS Summary
  7. Flow Log
  8. Flow Messages
  9. Flow Suppressed Messages



----------------
; Legal Notice ;
----------------
Copyright (C) 1991-2014 Altera Corporation. All rights reserved.
Your use of Altera Corporation's design tools, logic functions 
and other software and tools, and its AMPP partner logic 
functions, and any output files from any of the foregoing 
(including device programming or simulation files), and any 
associated documentation or information are expressly subject 
to the terms and conditions of the Altera Program License 
Subscription Agreement, the Altera Quartus II License Agreement,
the Altera MegaCore Function License Agreement, or other 
applicable license agreement, including, without limitation, 
that your use is for the sole purpose of programming logic 
devices manufactured by Altera and sold by Altera or its 
authorized distributors.  Please refer to the applicable 
agreement for further details.



+------------------------------------------------------------------------------+
; Flow Summary                                                                 ;
+---------------------------------+--------------------------------------------+
; Flow Status                     ; Successful - Sun Mar 05 20:03:27 2017      ;
; Quartus II 64-Bit Version       ; 14.0.0 Build 200 06/17/2014 SJ Web Edition ;
; Revision Name                   ; assignment1_frame                          ;
; Top-level Entity Name           ; assignment1_frame                          ;
; Family                          ; Cyclone V                                  ;
; Device                          ; 5CEBA4F23C7                                ;
; Timing Models                   ; Final                                      ;
; Logic utilization (in ALMs)     ; 78 / 18,480 ( < 1 % )                      ;
; Total registers                 ; 44                                         ;
; Total pins                      ; 58 / 224 ( 26 % )                          ;
; Total virtual pins              ; 0                                          ;
; Total block memory bits         ; 0 / 3,153,920 ( 0 % )                      ;
; Total DSP Blocks                ; 2 / 66 ( 3 % )                             ;
; Total HSSI RX PCSs              ; 0                                          ;
; Total HSSI PMA RX Deserializers ; 0                                          ;
; Total HSSI TX PCSs              ; 0                                          ;
; Total HSSI PMA TX Serializers   ; 0                                          ;
; Total PLLs                      ; 0 / 4 ( 0 % )                              ;
; Total DLLs                      ; 0 / 4 ( 0 % )                              ;
+---------------------------------+--------------------------------------------+


+-----------------------------------------+
; Flow Settings                           ;
+-------------------+---------------------+
; Option            ; Setting             ;
+-------------------+---------------------+
; Start date & time ; 03/05/2017 20:02:32 ;
; Main task         ; Compilation         ;
; Revision Name     ; assignment1_frame   ;
+-------------------+---------------------+


+----------------------------------------------------------------------------------------------------------------------------+
; Flow Non-Default Global Settings                                                                                           ;
+-------------------------------------+---------------------------------------+---------------+-------------+----------------+
; Assignment Name                     ; Value                                 ; Default Value ; Entity Name ; Section Id     ;
+-------------------------------------+---------------------------------------+---------------+-------------+----------------+
; COMPILER_SIGNATURE_ID               ; 30902508553329.148876215207356        ; --            ; --          ; --             ;
; EDA_OUTPUT_DATA_FORMAT              ; Verilog Hdl                           ; --            ; --          ; eda_simulation ;
; EDA_SIMULATION_TOOL                 ; ModelSim-Altera (Verilog)             ; <None>        ; --          ; --             ;
; MAX_CORE_JUNCTION_TEMP              ; 85                                    ; --            ; --          ; --             ;
; MIN_CORE_JUNCTION_TEMP              ; 0                                     ; --            ; --          ; --             ;
; PARTITION_COLOR                     ; 16764057                              ; --            ; DE0_CV      ; Top            ;
; PARTITION_COLOR                     ; 16764057                              ; --            ; --          ; Top            ;
; PARTITION_FITTER_PRESERVATION_LEVEL ; PLACEMENT_AND_ROUTING                 ; --            ; DE0_CV      ; Top            ;
; PARTITION_FITTER_PRESERVATION_LEVEL ; PLACEMENT_AND_ROUTING                 ; --            ; --          ; Top            ;
; PARTITION_NETLIST_TYPE              ; SOURCE                                ; --            ; DE0_CV      ; Top            ;
; PARTITION_NETLIST_TYPE              ; SOURCE                                ; --            ; --          ; Top            ;
; POWER_BOARD_THERMAL_MODEL           ; None (CONSERVATIVE)                   ; --            ; --          ; --             ;
; POWER_PRESET_COOLING_SOLUTION       ; 23 MM HEAT SINK WITH 200 LFPM AIRFLOW ; --            ; --          ; --             ;
; PROJECT_OUTPUT_DIRECTORY            ; output_files                          ; --            ; --          ; --             ;
+-------------------------------------+---------------------------------------+---------------+-------------+----------------+


+-------------------------------------------------------------------------------------------------------------------------------+
; Flow Elapsed Time                                                                                                             ;
+---------------------------+--------------+-------------------------+---------------------+------------------------------------+
; Module Name               ; Elapsed Time ; Average Processors Used ; Peak Virtual Memory ; Total CPU Time (on all processors) ;
+---------------------------+--------------+-------------------------+---------------------+------------------------------------+
; Analysis & Synthesis      ; 00:00:05     ; 1.0                     ; 620 MB              ; 00:00:01                           ;
; Fitter                    ; 00:00:29     ; 1.0                     ; 1378 MB             ; 00:00:19                           ;
; Assembler                 ; 00:00:05     ; 1.0                     ; 660 MB              ; 00:00:03                           ;
; TimeQuest Timing Analyzer ; 00:00:07     ; 1.0                     ; 872 MB              ; 00:00:05                           ;
; EDA Netlist Writer        ; 00:00:01     ; 1.0                     ; 548 MB              ; 00:00:01                           ;
; Total                     ; 00:00:47     ; --                      ; --                  ; 00:00:29                           ;
+---------------------------+--------------+-------------------------+---------------------+------------------------------------+


+----------------------------------------------------------------------------------------+
; Flow OS Summary                                                                        ;
+---------------------------+------------------+-----------+------------+----------------+
; Module Name               ; Machine Hostname ; OS Name   ; OS Version ; Processor type ;
+---------------------------+------------------+-----------+------------+----------------+
; Analysis & Synthesis      ; Meme-Machine     ; Windows 7 ; 6.2        ; x86_64         ;
; Fitter                    ; Meme-Machine     ; Windows 7 ; 6.2        ; x86_64         ;
; Assembler                 ; Meme-Machine     ; Windows 7 ; 6.2        ; x86_64         ;
; TimeQuest Timing Analyzer ; Meme-Machine     ; Windows 7 ; 6.2        ; x86_64         ;
; EDA Netlist Writer        ; Meme-Machine     ; Windows 7 ; 6.2        ; x86_64         ;
+---------------------------+------------------+-----------+------------+----------------+


------------
; Flow Log ;
------------
quartus_map --read_settings_files=on --write_settings_files=off assignment1_frame -c assignment1_frame
quartus_fit --read_settings_files=off --write_settings_files=off assignment1_frame -c assignment1_frame
quartus_asm --read_settings_files=off --write_settings_files=off assignment1_frame -c assignment1_frame
quartus_sta assignment1_frame -c assignment1_frame
quartus_eda --read_settings_files=off --write_settings_files=off assignment1_frame -c assignment1_frame



